{"/home/danielse/repos/rjson/src/scripts/index.js":{"path":"/home/danielse/repos/rjson/src/scripts/index.js","s":{"1":1,"2":1,"3":1,"4":1,"5":16,"6":16,"7":16,"8":16,"9":84,"10":84},"b":{"1":[16,0]},"f":{"1":16},"fnMap":{"1":{"name":"createRelationalJSONDB","line":5,"loc":{"start":{"line":5,"column":17},"end":{"line":5,"column":57}}}},"statementMap":{"1":{"start":{"line":1,"column":0},"end":{"line":1,"column":43}},"2":{"start":{"line":2,"column":0},"end":{"line":2,"column":53}},"3":{"start":{"line":3,"column":0},"end":{"line":3,"column":53}},"4":{"start":{"line":5,"column":0},"end":{"line":19,"column":2}},"5":{"start":{"line":6,"column":1},"end":{"line":6,"column":11}},"6":{"start":{"line":8,"column":1},"end":{"line":18,"column":2}},"7":{"start":{"line":9,"column":2},"end":{"line":9,"column":29}},"8":{"start":{"line":11,"column":2},"end":{"line":17,"column":4}},"9":{"start":{"line":13,"column":4},"end":{"line":13,"column":43}},"10":{"start":{"line":15,"column":4},"end":{"line":15,"column":14}}},"branchMap":{"1":{"line":8,"type":"if","locations":[{"start":{"line":8,"column":1},"end":{"line":8,"column":1}},{"start":{"line":8,"column":1},"end":{"line":8,"column":1}}]}}},"/home/danielse/repos/rjson/src/scripts/buildModel/index.js":{"path":"/home/danielse/repos/rjson/src/scripts/buildModel/index.js","s":{"1":1,"2":1,"3":1,"4":1},"b":{},"f":{},"fnMap":{},"statementMap":{"1":{"start":{"line":1,"column":0},"end":{"line":1,"column":27}},"2":{"start":{"line":2,"column":0},"end":{"line":2,"column":65}},"3":{"start":{"line":3,"column":0},"end":{"line":3,"column":59}},"4":{"start":{"line":11,"column":0},"end":{"line":14,"column":2}}},"branchMap":{}},"/home/danielse/repos/rjson/src/scripts/buildModel/addExtendedByToSchema.js":{"path":"/home/danielse/repos/rjson/src/scripts/buildModel/addExtendedByToSchema.js","s":{"1":1,"2":1,"3":37,"4":37,"5":193,"6":193,"7":84,"8":84,"9":84,"10":4,"11":84,"12":37},"b":{"1":[84,109],"2":[4,80]},"f":{"1":37},"fnMap":{"1":{"name":"addExtendedByToSchema","line":13,"loc":{"start":{"line":13,"column":17},"end":{"line":13,"column":56}}}},"statementMap":{"1":{"start":{"line":1,"column":0},"end":{"line":1,"column":27}},"2":{"start":{"line":13,"column":0},"end":{"line":39,"column":2}},"3":{"start":{"line":14,"column":1},"end":{"line":14,"column":39}},"4":{"start":{"line":16,"column":1},"end":{"line":36,"column":4}},"5":{"start":{"line":17,"column":2},"end":{"line":17,"column":34}},"6":{"start":{"line":20,"column":2},"end":{"line":35,"column":3}},"7":{"start":{"line":21,"column":3},"end":{"line":21,"column":37}},"8":{"start":{"line":22,"column":3},"end":{"line":22,"column":51}},"9":{"start":{"line":26,"column":3},"end":{"line":28,"column":4}},"10":{"start":{"line":27,"column":4},"end":{"line":27,"column":34}},"11":{"start":{"line":31,"column":3},"end":{"line":34,"column":5}},"12":{"start":{"line":38,"column":1},"end":{"line":38,"column":15}}},"branchMap":{"1":{"line":20,"type":"if","locations":[{"start":{"line":20,"column":2},"end":{"line":20,"column":2}},{"start":{"line":20,"column":2},"end":{"line":20,"column":2}}]},"2":{"line":26,"type":"if","locations":[{"start":{"line":26,"column":3},"end":{"line":26,"column":3}},{"start":{"line":26,"column":3},"end":{"line":26,"column":3}}]}}},"/home/danielse/repos/rjson/src/scripts/buildModel/createDynamicModel.js":{"path":"/home/danielse/repos/rjson/src/scripts/buildModel/createDynamicModel.js","s":{"1":1,"2":1,"3":1,"4":30,"5":151,"6":151,"7":30,"8":1},"b":{},"f":{"1":30},"fnMap":{"1":{"name":"createDynamicModel","line":4,"loc":{"start":{"line":4,"column":0},"end":{"line":4,"column":36}}}},"statementMap":{"1":{"start":{"line":1,"column":0},"end":{"line":1,"column":61}},"2":{"start":{"line":2,"column":0},"end":{"line":2,"column":33}},"3":{"start":{"line":4,"column":0},"end":{"line":14,"column":1}},"4":{"start":{"line":6,"column":1},"end":{"line":10,"column":8}},"5":{"start":{"line":7,"column":2},"end":{"line":7,"column":40}},"6":{"start":{"line":9,"column":2},"end":{"line":9,"column":12}},"7":{"start":{"line":13,"column":1},"end":{"line":13,"column":50}},"8":{"start":{"line":16,"column":0},"end":{"line":16,"column":36}}},"branchMap":{}},"/home/danielse/repos/rjson/src/scripts/buildModel/addRelationsToModel.js":{"path":"/home/danielse/repos/rjson/src/scripts/buildModel/addRelationsToModel.js","s":{"1":1,"2":30,"3":30,"4":151,"5":151,"6":151,"7":69,"8":69,"9":151,"10":47,"11":47,"12":69,"13":69,"14":151,"15":81,"16":138,"17":30,"18":1},"b":{"1":[69,82],"2":[47,104],"3":[81,70]},"f":{"1":30},"fnMap":{"1":{"name":"addRelationsToModel","line":27,"loc":{"start":{"line":27,"column":0},"end":{"line":27,"column":51}}}},"statementMap":{"1":{"start":{"line":27,"column":0},"end":{"line":89,"column":1}},"2":{"start":{"line":28,"column":1},"end":{"line":28,"column":40}},"3":{"start":{"line":30,"column":1},"end":{"line":86,"column":4}},"4":{"start":{"line":31,"column":2},"end":{"line":31,"column":40}},"5":{"start":{"line":32,"column":2},"end":{"line":32,"column":40}},"6":{"start":{"line":35,"column":2},"end":{"line":48,"column":3}},"7":{"start":{"line":36,"column":3},"end":{"line":36,"column":43}},"8":{"start":{"line":43,"column":3},"end":{"line":47,"column":5}},"9":{"start":{"line":51,"column":2},"end":{"line":68,"column":3}},"10":{"start":{"line":52,"column":3},"end":{"line":52,"column":50}},"11":{"start":{"line":58,"column":3},"end":{"line":67,"column":7}},"12":{"start":{"line":60,"column":5},"end":{"line":60,"column":58}},"13":{"start":{"line":62,"column":5},"end":{"line":66,"column":7}},"14":{"start":{"line":71,"column":2},"end":{"line":85,"column":3}},"15":{"start":{"line":77,"column":3},"end":{"line":84,"column":8}},"16":{"start":{"line":78,"column":25},"end":{"line":84,"column":5}},"17":{"start":{"line":88,"column":1},"end":{"line":88,"column":21}},"18":{"start":{"line":91,"column":0},"end":{"line":91,"column":37}}},"branchMap":{"1":{"line":35,"type":"if","locations":[{"start":{"line":35,"column":2},"end":{"line":35,"column":2}},{"start":{"line":35,"column":2},"end":{"line":35,"column":2}}]},"2":{"line":51,"type":"if","locations":[{"start":{"line":51,"column":2},"end":{"line":51,"column":2}},{"start":{"line":51,"column":2},"end":{"line":51,"column":2}}]},"3":{"line":71,"type":"if","locations":[{"start":{"line":71,"column":2},"end":{"line":71,"column":2}},{"start":{"line":71,"column":2},"end":{"line":71,"column":2}}]}}},"/home/danielse/repos/rjson/src/scripts/buildModel/Model/index.js":{"path":"/home/danielse/repos/rjson/src/scripts/buildModel/Model/index.js","s":{"1":1,"2":1,"3":152,"4":152,"5":152,"6":152,"7":1049,"8":1049,"9":1049,"10":168,"11":168,"12":434,"13":2633,"14":1},"b":{"1":[84,84]},"f":{"1":152,"2":168,"3":434},"fnMap":{"1":{"name":"(anonymous_1)","line":17,"loc":{"start":{"line":17,"column":12},"end":{"line":17,"column":37}}},"2":{"name":"(anonymous_2)","line":37,"loc":{"start":{"line":37,"column":18},"end":{"line":37,"column":25}}},"3":{"name":"(anonymous_3)","line":49,"loc":{"start":{"line":49,"column":11},"end":{"line":49,"column":14}}}},"statementMap":{"1":{"start":{"line":1,"column":0},"end":{"line":1,"column":33}},"2":{"start":{"line":2,"column":0},"end":{"line":2,"column":57}},"3":{"start":{"line":18,"column":2},"end":{"line":18,"column":49}},"4":{"start":{"line":20,"column":2},"end":{"line":20,"column":29}},"5":{"start":{"line":21,"column":2},"end":{"line":21,"column":37}},"6":{"start":{"line":22,"column":2},"end":{"line":28,"column":9}},"7":{"start":{"line":23,"column":3},"end":{"line":23,"column":49}},"8":{"start":{"line":25,"column":3},"end":{"line":25,"column":46}},"9":{"start":{"line":27,"column":3},"end":{"line":27,"column":14}},"10":{"start":{"line":38,"column":2},"end":{"line":38,"column":40}},"11":{"start":{"line":40,"column":2},"end":{"line":40,"column":39}},"12":{"start":{"line":50,"column":2},"end":{"line":50,"column":61}},"13":{"start":{"line":50,"column":45},"end":{"line":50,"column":59}},"14":{"start":{"line":54,"column":0},"end":{"line":54,"column":23}}},"branchMap":{"1":{"line":38,"type":"cond-expr","locations":[{"start":{"line":38,"column":26},"end":{"line":38,"column":31}},{"start":{"line":38,"column":34},"end":{"line":38,"column":39}}]}}},"/home/danielse/repos/rjson/src/scripts/buildModel/Model/Field.js":{"path":"/home/danielse/repos/rjson/src/scripts/buildModel/Model/Field.js","s":{"1":1,"2":1,"3":1060,"4":1060,"5":1060,"6":1060,"7":570,"8":490,"9":3,"10":1060,"11":249,"12":1},"b":{"1":[0,1060],"2":[570,490],"3":[3,487],"4":[1060,560]},"f":{"1":1060,"2":249},"fnMap":{"1":{"name":"(anonymous_1)","line":19,"loc":{"start":{"line":19,"column":12},"end":{"line":19,"column":37}}},"2":{"name":"(anonymous_2)","line":44,"loc":{"start":{"line":44,"column":13},"end":{"line":44,"column":21}}}},"statementMap":{"1":{"start":{"line":1,"column":0},"end":{"line":1,"column":27}},"2":{"start":{"line":2,"column":0},"end":{"line":2,"column":55}},"3":{"start":{"line":20,"column":2},"end":{"line":20,"column":24}},"4":{"start":{"line":21,"column":2},"end":{"line":21,"column":43}},"5":{"start":{"line":24,"column":2},"end":{"line":26,"column":35}},"6":{"start":{"line":28,"column":2},"end":{"line":32,"column":3}},"7":{"start":{"line":29,"column":3},"end":{"line":29,"column":48}},"8":{"start":{"line":30,"column":9},"end":{"line":32,"column":3}},"9":{"start":{"line":31,"column":3},"end":{"line":31,"column":28}},"10":{"start":{"line":34,"column":2},"end":{"line":34,"column":76}},"11":{"start":{"line":45,"column":2},"end":{"line":45,"column":39}},"12":{"start":{"line":49,"column":0},"end":{"line":49,"column":23}}},"branchMap":{"1":{"line":24,"type":"cond-expr","locations":[{"start":{"line":25,"column":14},"end":{"line":25,"column":25}},{"start":{"line":26,"column":14},"end":{"line":26,"column":34}}]},"2":{"line":28,"type":"if","locations":[{"start":{"line":28,"column":2},"end":{"line":28,"column":2}},{"start":{"line":28,"column":2},"end":{"line":28,"column":2}}]},"3":{"line":30,"type":"if","locations":[{"start":{"line":30,"column":9},"end":{"line":30,"column":9}},{"start":{"line":30,"column":9},"end":{"line":30,"column":9}}]},"4":{"line":34,"type":"binary-expr","locations":[{"start":{"line":34,"column":20},"end":{"line":34,"column":35}},{"start":{"line":34,"column":39},"end":{"line":34,"column":75}}]}}},"/home/danielse/repos/rjson/src/scripts/buildModel/Model/validateDataType.js":{"path":"/home/danielse/repos/rjson/src/scripts/buildModel/Model/validateDataType.js","s":{"1":1,"2":283,"3":283,"4":283,"5":0,"6":283,"7":101,"8":101,"9":124,"10":124,"11":3,"12":3,"13":0,"14":0,"15":49,"16":49,"17":6,"18":6,"19":0,"20":283},"b":{"1":[0,283],"2":[283,28],"3":[101,124,3,0,5,49,6,0],"4":[124,123],"5":[3,2],"6":[0,0,0,0,0,0],"7":[6,6]},"f":{"1":283},"fnMap":{"1":{"name":"validateDataType","line":8,"loc":{"start":{"line":8,"column":17},"end":{"line":8,"column":57}}}},"statementMap":{"1":{"start":{"line":8,"column":0},"end":{"line":57,"column":2}},"2":{"start":{"line":10,"column":1},"end":{"line":10,"column":27}},"3":{"start":{"line":11,"column":1},"end":{"line":11,"column":20}},"4":{"start":{"line":14,"column":1},"end":{"line":16,"column":2}},"5":{"start":{"line":15,"column":2},"end":{"line":15,"column":14}},"6":{"start":{"line":18,"column":1},"end":{"line":54,"column":2}},"7":{"start":{"line":20,"column":2},"end":{"line":20,"column":29}},"8":{"start":{"line":21,"column":2},"end":{"line":21,"column":8}},"9":{"start":{"line":25,"column":2},"end":{"line":25,"column":73}},"10":{"start":{"line":26,"column":2},"end":{"line":26,"column":8}},"11":{"start":{"line":30,"column":2},"end":{"line":30,"column":88}},"12":{"start":{"line":31,"column":2},"end":{"line":31,"column":8}},"13":{"start":{"line":35,"column":2},"end":{"line":35,"column":122}},"14":{"start":{"line":36,"column":2},"end":{"line":36,"column":8}},"15":{"start":{"line":41,"column":2},"end":{"line":41,"column":37}},"16":{"start":{"line":43,"column":2},"end":{"line":43,"column":8}},"17":{"start":{"line":47,"column":2},"end":{"line":47,"column":102}},"18":{"start":{"line":48,"column":2},"end":{"line":48,"column":8}},"19":{"start":{"line":52,"column":2},"end":{"line":52,"column":52}},"20":{"start":{"line":56,"column":1},"end":{"line":56,"column":15}}},"branchMap":{"1":{"line":14,"type":"if","locations":[{"start":{"line":14,"column":1},"end":{"line":14,"column":1}},{"start":{"line":14,"column":1},"end":{"line":14,"column":1}}]},"2":{"line":14,"type":"binary-expr","locations":[{"start":{"line":14,"column":5},"end":{"line":14,"column":20}},{"start":{"line":14,"column":24},"end":{"line":14,"column":38}}]},"3":{"line":18,"type":"switch","locations":[{"start":{"line":19,"column":1},"end":{"line":22,"column":2}},{"start":{"line":24,"column":1},"end":{"line":27,"column":2}},{"start":{"line":29,"column":1},"end":{"line":32,"column":2}},{"start":{"line":34,"column":1},"end":{"line":37,"column":2}},{"start":{"line":39,"column":1},"end":{"line":39,"column":13}},{"start":{"line":40,"column":1},"end":{"line":44,"column":2}},{"start":{"line":46,"column":1},"end":{"line":49,"column":2}},{"start":{"line":51,"column":1},"end":{"line":53,"column":2}}]},"4":{"line":25,"type":"binary-expr","locations":[{"start":{"line":25,"column":11},"end":{"line":25,"column":28}},{"start":{"line":25,"column":32},"end":{"line":25,"column":72}}]},"5":{"line":30,"type":"binary-expr","locations":[{"start":{"line":30,"column":11},"end":{"line":30,"column":28}},{"start":{"line":30,"column":32},"end":{"line":30,"column":87}}]},"6":{"line":35,"type":"binary-expr","locations":[{"start":{"line":35,"column":11},"end":{"line":35,"column":29}},{"start":{"line":35,"column":34},"end":{"line":35,"column":48}},{"start":{"line":35,"column":52},"end":{"line":35,"column":67}},{"start":{"line":35,"column":72},"end":{"line":35,"column":89}},{"start":{"line":35,"column":94},"end":{"line":35,"column":105}},{"start":{"line":35,"column":109},"end":{"line":35,"column":120}}]},"7":{"line":47,"type":"binary-expr","locations":[{"start":{"line":47,"column":11},"end":{"line":47,"column":28}},{"start":{"line":47,"column":32},"end":{"line":47,"column":101}}]}}},"/home/danielse/repos/rjson/src/scripts/buildModel/Model/getRequiredFields.js":{"path":"/home/danielse/repos/rjson/src/scripts/buildModel/Model/getRequiredFields.js","s":{"1":1,"2":255,"3":1597,"4":714,"5":255,"6":68,"7":68,"8":68,"9":68,"10":255,"11":1},"b":{"1":[68,187],"2":[255,159]},"f":{"1":255},"fnMap":{"1":{"name":"getRequiredFields","line":9,"loc":{"start":{"line":9,"column":0},"end":{"line":9,"column":40}}}},"statementMap":{"1":{"start":{"line":9,"column":0},"end":{"line":27,"column":1}},"2":{"start":{"line":11,"column":1},"end":{"line":13,"column":36}},"3":{"start":{"line":12,"column":27},"end":{"line":12,"column":43}},"4":{"start":{"line":13,"column":24},"end":{"line":13,"column":34}},"5":{"start":{"line":15,"column":1},"end":{"line":24,"column":2}},"6":{"start":{"line":17,"column":2},"end":{"line":17,"column":42}},"7":{"start":{"line":18,"column":2},"end":{"line":18,"column":58}},"8":{"start":{"line":22,"column":2},"end":{"line":22,"column":50}},"9":{"start":{"line":23,"column":2},"end":{"line":23,"column":43}},"10":{"start":{"line":26,"column":1},"end":{"line":26,"column":12}},"11":{"start":{"line":29,"column":0},"end":{"line":29,"column":35}}},"branchMap":{"1":{"line":15,"type":"if","locations":[{"start":{"line":15,"column":1},"end":{"line":15,"column":1}},{"start":{"line":15,"column":1},"end":{"line":15,"column":1}}]},"2":{"line":15,"type":"binary-expr","locations":[{"start":{"line":15,"column":5},"end":{"line":15,"column":19}},{"start":{"line":15,"column":23},"end":{"line":15,"column":36}}]}}},"/home/danielse/repos/rjson/src/scripts/table/tableFactory.js":{"path":"/home/danielse/repos/rjson/src/scripts/table/tableFactory.js","s":{"1":1,"2":1,"3":1,"4":1,"5":1,"6":1,"7":1,"8":84,"9":84,"10":595,"11":595,"12":144,"13":451,"14":448,"15":3,"16":3,"17":3,"18":6,"19":3,"20":89,"21":89,"22":0,"23":89,"24":87,"25":87,"26":21,"27":21,"28":0,"29":26,"30":26,"31":26,"32":26,"33":0},"b":{"1":[595,0],"2":[144,451],"3":[448,3],"4":[0,89],"5":[89,89],"6":[21,0],"7":[21,8],"8":[21,8],"9":[26,0]},"f":{"1":84,"2":595,"3":89,"4":21,"5":26},"fnMap":{"1":{"name":"tableFactory","line":15,"loc":{"start":{"line":15,"column":17},"end":{"line":15,"column":50}}},"2":{"name":"get","line":29,"loc":{"start":{"line":29,"column":7},"end":{"line":29,"column":22}}},"3":{"name":"(anonymous_3)","line":56,"loc":{"start":{"line":56,"column":8},"end":{"line":56,"column":29}}},"4":{"name":"(anonymous_4)","line":78,"loc":{"start":{"line":78,"column":7},"end":{"line":78,"column":28}}},"5":{"name":"(anonymous_5)","line":99,"loc":{"start":{"line":99,"column":10},"end":{"line":99,"column":23}}}},"statementMap":{"1":{"start":{"line":1,"column":0},"end":{"line":1,"column":67}},"2":{"start":{"line":2,"column":0},"end":{"line":2,"column":57}},"3":{"start":{"line":3,"column":0},"end":{"line":3,"column":29}},"4":{"start":{"line":4,"column":0},"end":{"line":4,"column":31}},"5":{"start":{"line":5,"column":0},"end":{"line":5,"column":35}},"6":{"start":{"line":6,"column":0},"end":{"line":6,"column":27}},"7":{"start":{"line":15,"column":0},"end":{"line":150,"column":2}},"8":{"start":{"line":16,"column":1},"end":{"line":16,"column":39}},"9":{"start":{"line":18,"column":1},"end":{"line":149,"column":4}},"10":{"start":{"line":30,"column":3},"end":{"line":30,"column":47}},"11":{"start":{"line":32,"column":3},"end":{"line":45,"column":4}},"12":{"start":{"line":33,"column":4},"end":{"line":33,"column":34}},"13":{"start":{"line":34,"column":10},"end":{"line":45,"column":4}},"14":{"start":{"line":35,"column":4},"end":{"line":35,"column":39}},"15":{"start":{"line":37,"column":4},"end":{"line":37,"column":15}},"16":{"start":{"line":38,"column":4},"end":{"line":38,"column":10}},"17":{"start":{"line":40,"column":4},"end":{"line":42,"column":5}},"18":{"start":{"line":41,"column":5},"end":{"line":41,"column":41}},"19":{"start":{"line":44,"column":4},"end":{"line":44,"column":13}},"20":{"start":{"line":57,"column":3},"end":{"line":57,"column":11}},"21":{"start":{"line":59,"column":3},"end":{"line":66,"column":4}},"22":{"start":{"line":60,"column":4},"end":{"line":60,"column":124}},"23":{"start":{"line":62,"column":4},"end":{"line":62,"column":29}},"24":{"start":{"line":63,"column":4},"end":{"line":63,"column":47}},"25":{"start":{"line":65,"column":4},"end":{"line":65,"column":15}},"26":{"start":{"line":79,"column":3},"end":{"line":88,"column":4}},"27":{"start":{"line":80,"column":4},"end":{"line":85,"column":18}},"28":{"start":{"line":87,"column":4},"end":{"line":87,"column":104}},"29":{"start":{"line":100,"column":3},"end":{"line":100,"column":36}},"30":{"start":{"line":102,"column":3},"end":{"line":107,"column":4}},"31":{"start":{"line":103,"column":4},"end":{"line":103,"column":25}},"32":{"start":{"line":104,"column":4},"end":{"line":104,"column":37}},"33":{"start":{"line":106,"column":4},"end":{"line":106,"column":89}}},"branchMap":{"1":{"line":30,"type":"cond-expr","locations":[{"start":{"line":30,"column":26},"end":{"line":30,"column":42}},{"start":{"line":30,"column":45},"end":{"line":30,"column":46}}]},"2":{"line":32,"type":"if","locations":[{"start":{"line":32,"column":3},"end":{"line":32,"column":3}},{"start":{"line":32,"column":3},"end":{"line":32,"column":3}}]},"3":{"line":34,"type":"if","locations":[{"start":{"line":34,"column":10},"end":{"line":34,"column":10}},{"start":{"line":34,"column":10},"end":{"line":34,"column":10}}]},"4":{"line":59,"type":"if","locations":[{"start":{"line":59,"column":3},"end":{"line":59,"column":3}},{"start":{"line":59,"column":3},"end":{"line":59,"column":3}}]},"5":{"line":59,"type":"binary-expr","locations":[{"start":{"line":59,"column":24},"end":{"line":59,"column":31}},{"start":{"line":59,"column":35},"end":{"line":59,"column":55}}]},"6":{"line":79,"type":"if","locations":[{"start":{"line":79,"column":3},"end":{"line":79,"column":3}},{"start":{"line":79,"column":3},"end":{"line":79,"column":3}}]},"7":{"line":79,"type":"binary-expr","locations":[{"start":{"line":79,"column":24},"end":{"line":79,"column":31}},{"start":{"line":79,"column":35},"end":{"line":79,"column":55}}]},"8":{"line":83,"type":"binary-expr","locations":[{"start":{"line":83,"column":34},"end":{"line":83,"column":41}},{"start":{"line":83,"column":45},"end":{"line":83,"column":65}}]},"9":{"line":102,"type":"if","locations":[{"start":{"line":102,"column":3},"end":{"line":102,"column":3}},{"start":{"line":102,"column":3},"end":{"line":102,"column":3}}]}}},"/home/danielse/repos/rjson/src/scripts/buildModel/Model/buildAliasMap.js":{"path":"/home/danielse/repos/rjson/src/scripts/buildModel/Model/buildAliasMap.js","s":{"1":1,"2":162,"3":82,"4":160,"5":162,"6":71,"7":71,"8":162,"9":1,"10":91,"11":91,"12":42,"13":42,"14":91,"15":26,"16":39,"17":39,"18":91,"19":1},"b":{"1":[82,80],"2":[71,91],"3":[42,49],"4":[26,65]},"f":{"1":162,"2":160,"3":91,"4":39},"fnMap":{"1":{"name":"mapRelations","line":8,"loc":{"start":{"line":8,"column":0},"end":{"line":8,"column":34}}},"2":{"name":"(anonymous_2)","line":11,"loc":{"start":{"line":11,"column":27},"end":{"line":11,"column":47}}},"3":{"name":"buildAliasMap","line":31,"loc":{"start":{"line":31,"column":0},"end":{"line":31,"column":30}}},"4":{"name":"(anonymous_4)","line":42,"loc":{"start":{"line":42,"column":27},"end":{"line":42,"column":48}}}},"statementMap":{"1":{"start":{"line":8,"column":0},"end":{"line":23,"column":1}},"2":{"start":{"line":10,"column":1},"end":{"line":14,"column":2}},"3":{"start":{"line":11,"column":2},"end":{"line":13,"column":5}},"4":{"start":{"line":12,"column":3},"end":{"line":12,"column":52}},"5":{"start":{"line":17,"column":1},"end":{"line":20,"column":2}},"6":{"start":{"line":18,"column":2},"end":{"line":18,"column":40}},"7":{"start":{"line":19,"column":2},"end":{"line":19,"column":31}},"8":{"start":{"line":22,"column":1},"end":{"line":22,"column":12}},"9":{"start":{"line":31,"column":0},"end":{"line":48,"column":1}},"10":{"start":{"line":32,"column":1},"end":{"line":32,"column":12}},"11":{"start":{"line":35,"column":1},"end":{"line":38,"column":2}},"12":{"start":{"line":36,"column":2},"end":{"line":36,"column":56}},"13":{"start":{"line":37,"column":2},"end":{"line":37,"column":39}},"14":{"start":{"line":41,"column":1},"end":{"line":46,"column":2}},"15":{"start":{"line":42,"column":2},"end":{"line":45,"column":5}},"16":{"start":{"line":43,"column":3},"end":{"line":43,"column":53}},"17":{"start":{"line":44,"column":3},"end":{"line":44,"column":38}},"18":{"start":{"line":47,"column":1},"end":{"line":47,"column":31}},"19":{"start":{"line":50,"column":0},"end":{"line":50,"column":31}}},"branchMap":{"1":{"line":10,"type":"if","locations":[{"start":{"line":10,"column":1},"end":{"line":10,"column":1}},{"start":{"line":10,"column":1},"end":{"line":10,"column":1}}]},"2":{"line":17,"type":"if","locations":[{"start":{"line":17,"column":1},"end":{"line":17,"column":1}},{"start":{"line":17,"column":1},"end":{"line":17,"column":1}}]},"3":{"line":35,"type":"if","locations":[{"start":{"line":35,"column":1},"end":{"line":35,"column":1}},{"start":{"line":35,"column":1},"end":{"line":35,"column":1}}]},"4":{"line":41,"type":"if","locations":[{"start":{"line":41,"column":1},"end":{"line":41,"column":1}},{"start":{"line":41,"column":1},"end":{"line":41,"column":1}}]}}},"/home/danielse/repos/rjson/src/scripts/table/dictionaryFactory.js":{"path":"/home/danielse/repos/rjson/src/scripts/table/dictionaryFactory.js","s":{"1":1,"2":1,"3":84,"4":84,"5":84,"6":84,"7":144,"8":144,"9":10,"10":10,"11":10,"12":14,"13":144,"14":84,"15":87,"16":87,"17":87,"18":84,"19":26,"20":26,"21":26,"22":84},"b":{"1":[10,134]},"f":{"1":84,"2":144,"3":14,"4":87,"5":26},"fnMap":{"1":{"name":"dictionaryFactory","line":3,"loc":{"start":{"line":3,"column":17},"end":{"line":3,"column":46}}},"2":{"name":"getAllData","line":9,"loc":{"start":{"line":9,"column":25},"end":{"line":9,"column":47}}},"3":{"name":"(anonymous_3)","line":19,"loc":{"start":{"line":19,"column":16},"end":{"line":19,"column":32}}},"4":{"name":"setExtension","line":27,"loc":{"start":{"line":27,"column":18},"end":{"line":27,"column":52}}},"5":{"name":"removeExtension","line":36,"loc":{"start":{"line":36,"column":21},"end":{"line":36,"column":51}}}},"statementMap":{"1":{"start":{"line":1,"column":0},"end":{"line":1,"column":61}},"2":{"start":{"line":3,"column":0},"end":{"line":46,"column":2}},"3":{"start":{"line":4,"column":1},"end":{"line":4,"column":37}},"4":{"start":{"line":5,"column":1},"end":{"line":5,"column":24}},"5":{"start":{"line":6,"column":1},"end":{"line":6,"column":16}},"6":{"start":{"line":9,"column":1},"end":{"line":25,"column":3}},"7":{"start":{"line":10,"column":2},"end":{"line":10,"column":30}},"8":{"start":{"line":13,"column":2},"end":{"line":22,"column":3}},"9":{"start":{"line":14,"column":3},"end":{"line":14,"column":22}},"10":{"start":{"line":16,"column":3},"end":{"line":16,"column":22}},"11":{"start":{"line":19,"column":3},"end":{"line":21,"column":6}},"12":{"start":{"line":20,"column":4},"end":{"line":20,"column":30}},"13":{"start":{"line":24,"column":2},"end":{"line":24,"column":23}},"14":{"start":{"line":27,"column":1},"end":{"line":34,"column":3}},"15":{"start":{"line":28,"column":2},"end":{"line":28,"column":82}},"16":{"start":{"line":31,"column":2},"end":{"line":31,"column":20}},"17":{"start":{"line":33,"column":2},"end":{"line":33,"column":16}},"18":{"start":{"line":36,"column":1},"end":{"line":43,"column":3}},"19":{"start":{"line":37,"column":2},"end":{"line":37,"column":78}},"20":{"start":{"line":40,"column":2},"end":{"line":40,"column":20}},"21":{"start":{"line":42,"column":2},"end":{"line":42,"column":16}},"22":{"start":{"line":45,"column":1},"end":{"line":45,"column":19}}},"branchMap":{"1":{"line":13,"type":"if","locations":[{"start":{"line":13,"column":2},"end":{"line":13,"column":2}},{"start":{"line":13,"column":2},"end":{"line":13,"column":2}}]}}},"/home/danielse/repos/rjson/src/scripts/table/put/index.js":{"path":"/home/danielse/repos/rjson/src/scripts/table/put/index.js","s":{"1":1,"2":1,"3":36,"4":36,"5":11,"6":25,"7":25,"8":15,"9":1,"10":21,"11":21,"12":21,"13":21,"14":11,"15":11,"16":11,"17":11,"18":10},"b":{"1":[11,25],"2":[15,10],"3":[11,10]},"f":{"1":36,"2":21},"fnMap":{"1":{"name":"getChangeRoot","line":9,"loc":{"start":{"line":9,"column":0},"end":{"line":9,"column":42}}},"2":{"name":"put","line":26,"loc":{"start":{"line":26,"column":17},"end":{"line":26,"column":49}}}},"statementMap":{"1":{"start":{"line":3,"column":0},"end":{"line":7,"column":47}},"2":{"start":{"line":9,"column":0},"end":{"line":24,"column":1}},"3":{"start":{"line":10,"column":1},"end":{"line":10,"column":10}},"4":{"start":{"line":12,"column":1},"end":{"line":23,"column":2}},"5":{"start":{"line":13,"column":2},"end":{"line":16,"column":4}},"6":{"start":{"line":18,"column":2},"end":{"line":18,"column":34}},"7":{"start":{"line":20,"column":2},"end":{"line":22,"column":3}},"8":{"start":{"line":21,"column":3},"end":{"line":21,"column":53}},"9":{"start":{"line":26,"column":0},"end":{"line":54,"column":2}},"10":{"start":{"line":27,"column":1},"end":{"line":29,"column":53}},"11":{"start":{"line":31,"column":1},"end":{"line":31,"column":37}},"12":{"start":{"line":32,"column":1},"end":{"line":37,"column":6}},"13":{"start":{"line":40,"column":1},"end":{"line":53,"column":2}},"14":{"start":{"line":41,"column":2},"end":{"line":41,"column":73}},"15":{"start":{"line":44,"column":2},"end":{"line":44,"column":52}},"16":{"start":{"line":47,"column":2},"end":{"line":47,"column":82}},"17":{"start":{"line":50,"column":2},"end":{"line":50,"column":51}},"18":{"start":{"line":52,"column":2},"end":{"line":52,"column":13}}},"branchMap":{"1":{"line":12,"type":"if","locations":[{"start":{"line":12,"column":1},"end":{"line":12,"column":1}},{"start":{"line":12,"column":1},"end":{"line":12,"column":1}}]},"2":{"line":20,"type":"if","locations":[{"start":{"line":20,"column":2},"end":{"line":20,"column":2}},{"start":{"line":20,"column":2},"end":{"line":20,"column":2}}]},"3":{"line":40,"type":"if","locations":[{"start":{"line":40,"column":1},"end":{"line":40,"column":1}},{"start":{"line":40,"column":1},"end":{"line":40,"column":1}}]}}},"/home/danielse/repos/rjson/src/scripts/table/put/mergePutDataWithRowData.js":{"path":"/home/danielse/repos/rjson/src/scripts/table/put/mergePutDataWithRowData.js","s":{"1":1,"2":32,"3":32,"4":32,"5":418,"6":161,"7":32,"8":1},"b":{"1":[161,257],"2":[418,395],"3":[96,65]},"f":{"1":32},"fnMap":{"1":{"name":"mergePutDataWithRowData","line":1,"loc":{"start":{"line":1,"column":0},"end":{"line":1,"column":44}}}},"statementMap":{"1":{"start":{"line":1,"column":0},"end":{"line":13,"column":1}},"2":{"start":{"line":2,"column":1},"end":{"line":2,"column":29}},"3":{"start":{"line":3,"column":1},"end":{"line":3,"column":7}},"4":{"start":{"line":5,"column":1},"end":{"line":10,"column":2}},"5":{"start":{"line":7,"column":2},"end":{"line":9,"column":3}},"6":{"start":{"line":8,"column":3},"end":{"line":8,"column":51}},"7":{"start":{"line":12,"column":1},"end":{"line":12,"column":10}},"8":{"start":{"line":15,"column":0},"end":{"line":15,"column":41}}},"branchMap":{"1":{"line":7,"type":"if","locations":[{"start":{"line":7,"column":2},"end":{"line":7,"column":2}},{"start":{"line":7,"column":2},"end":{"line":7,"column":2}}]},"2":{"line":7,"type":"binary-expr","locations":[{"start":{"line":7,"column":6},"end":{"line":7,"column":26}},{"start":{"line":7,"column":30},"end":{"line":7,"column":56}}]},"3":{"line":8,"type":"cond-expr","locations":[{"start":{"line":8,"column":34},"end":{"line":8,"column":41}},{"start":{"line":8,"column":44},"end":{"line":8,"column":50}}]}}},"/home/danielse/repos/rjson/src/scripts/table/utils/getFurthestAncestor.js":{"path":"/home/danielse/repos/rjson/src/scripts/table/utils/getFurthestAncestor.js","s":{"1":1,"2":72,"3":34,"4":34,"5":34,"6":38,"7":1,"8":37,"9":1},"b":{"1":[34,38],"2":[1,37]},"f":{"1":72},"fnMap":{"1":{"name":"getFurthestAncestor","line":1,"loc":{"start":{"line":1,"column":0},"end":{"line":1,"column":41}}}},"statementMap":{"1":{"start":{"line":1,"column":0},"end":{"line":20,"column":1}},"2":{"start":{"line":2,"column":1},"end":{"line":19,"column":2}},"3":{"start":{"line":3,"column":2},"end":{"line":3,"column":42}},"4":{"start":{"line":4,"column":2},"end":{"line":4,"column":47}},"5":{"start":{"line":6,"column":2},"end":{"line":9,"column":10}},"6":{"start":{"line":11,"column":2},"end":{"line":13,"column":3}},"7":{"start":{"line":12,"column":3},"end":{"line":12,"column":124}},"8":{"start":{"line":15,"column":2},"end":{"line":18,"column":4}},"9":{"start":{"line":22,"column":0},"end":{"line":22,"column":37}}},"branchMap":{"1":{"line":2,"type":"if","locations":[{"start":{"line":2,"column":1},"end":{"line":2,"column":1}},{"start":{"line":2,"column":1},"end":{"line":2,"column":1}}]},"2":{"line":11,"type":"if","locations":[{"start":{"line":11,"column":2},"end":{"line":11,"column":2}},{"start":{"line":11,"column":2},"end":{"line":11,"column":2}}]}}},"/home/danielse/repos/rjson/src/scripts/table/utils/getFurthestChild.js":{"path":"/home/danielse/repos/rjson/src/scripts/table/utils/getFurthestChild.js","s":{"1":1,"2":1,"3":65,"4":65,"5":22,"6":43,"7":1},"b":{"1":[22,43]},"f":{"1":65},"fnMap":{"1":{"name":"getFurthestChild","line":3,"loc":{"start":{"line":3,"column":0},"end":{"line":3,"column":42}}}},"statementMap":{"1":{"start":{"line":1,"column":0},"end":{"line":1,"column":39}},"2":{"start":{"line":3,"column":0},"end":{"line":14,"column":1}},"3":{"start":{"line":4,"column":1},"end":{"line":4,"column":40}},"4":{"start":{"line":6,"column":1},"end":{"line":13,"column":2}},"5":{"start":{"line":7,"column":2},"end":{"line":7,"column":54}},"6":{"start":{"line":9,"column":2},"end":{"line":12,"column":4}},"7":{"start":{"line":16,"column":0},"end":{"line":16,"column":34}}},"branchMap":{"1":{"line":6,"type":"if","locations":[{"start":{"line":6,"column":1},"end":{"line":6,"column":1}},{"start":{"line":6,"column":1},"end":{"line":6,"column":1}}]}}},"/home/danielse/repos/rjson/src/scripts/table/utils/getChild.js":{"path":"/home/danielse/repos/rjson/src/scripts/table/utils/getChild.js","s":{"1":1,"2":101,"3":101,"4":64,"5":98,"6":98,"7":98,"8":98,"9":45,"10":45,"11":45,"12":45,"13":1},"b":{"1":[64,37],"2":[45,19],"3":[45,53]},"f":{"1":101,"2":98},"fnMap":{"1":{"name":"getChild","line":1,"loc":{"start":{"line":1,"column":0},"end":{"line":1,"column":34}}},"2":{"name":"(anonymous_2)","line":8,"loc":{"start":{"line":8,"column":28},"end":{"line":8,"column":49}}}},"statementMap":{"1":{"start":{"line":1,"column":0},"end":{"line":22,"column":1}},"2":{"start":{"line":2,"column":1},"end":{"line":5,"column":3}},"3":{"start":{"line":7,"column":1},"end":{"line":21,"column":2}},"4":{"start":{"line":8,"column":2},"end":{"line":20,"column":3}},"5":{"start":{"line":9,"column":3},"end":{"line":9,"column":53}},"6":{"start":{"line":10,"column":3},"end":{"line":10,"column":48}},"7":{"start":{"line":11,"column":3},"end":{"line":11,"column":53}},"8":{"start":{"line":13,"column":3},"end":{"line":17,"column":4}},"9":{"start":{"line":14,"column":4},"end":{"line":14,"column":33}},"10":{"start":{"line":15,"column":4},"end":{"line":15,"column":20}},"11":{"start":{"line":16,"column":4},"end":{"line":16,"column":16}},"12":{"start":{"line":19,"column":3},"end":{"line":19,"column":14}},"13":{"start":{"line":24,"column":0},"end":{"line":24,"column":26}}},"branchMap":{"1":{"line":7,"type":"if","locations":[{"start":{"line":7,"column":1},"end":{"line":7,"column":1}},{"start":{"line":7,"column":1},"end":{"line":7,"column":1}}]},"2":{"line":8,"type":"if","locations":[{"start":{"line":8,"column":2},"end":{"line":8,"column":2}},{"start":{"line":8,"column":2},"end":{"line":8,"column":2}}]},"3":{"line":13,"type":"if","locations":[{"start":{"line":13,"column":3},"end":{"line":13,"column":3}},{"start":{"line":13,"column":3},"end":{"line":13,"column":3}}]}}},"/home/danielse/repos/rjson/src/scripts/table/utils/dataDiffers.js":{"path":"/home/danielse/repos/rjson/src/scripts/table/utils/dataDiffers.js","s":{"1":1,"2":36,"3":195,"4":85,"5":1},"b":{"1":[85,110],"2":[195,177]},"f":{"1":36,"2":195},"fnMap":{"1":{"name":"dataDiffers","line":10,"loc":{"start":{"line":10,"column":0},"end":{"line":10,"column":43}}},"2":{"name":"(anonymous_2)","line":11,"loc":{"start":{"line":11,"column":36},"end":{"line":11,"column":50}}}},"statementMap":{"1":{"start":{"line":10,"column":0},"end":{"line":16,"column":1}},"2":{"start":{"line":11,"column":1},"end":{"line":15,"column":4}},"3":{"start":{"line":12,"column":2},"end":{"line":14,"column":3}},"4":{"start":{"line":13,"column":3},"end":{"line":13,"column":44}},"5":{"start":{"line":18,"column":0},"end":{"line":18,"column":29}}},"branchMap":{"1":{"line":12,"type":"if","locations":[{"start":{"line":12,"column":2},"end":{"line":12,"column":2}},{"start":{"line":12,"column":2},"end":{"line":12,"column":2}}]},"2":{"line":12,"type":"binary-expr","locations":[{"start":{"line":12,"column":6},"end":{"line":12,"column":34}},{"start":{"line":12,"column":38},"end":{"line":12,"column":72}}]}}},"/home/danielse/repos/rjson/src/scripts/table/post.js":{"path":"/home/danielse/repos/rjson/src/scripts/table/post.js","s":{"1":1,"2":1,"3":2,"4":8,"5":8,"6":0,"7":0,"8":1,"9":89,"10":89,"11":516,"12":8,"13":516,"14":249,"15":0,"16":89,"17":2,"18":1,"19":89,"20":87},"b":{"1":[8,508],"2":[516,252],"3":[249,267],"4":[0,249],"5":[2,87],"6":[89,87]},"f":{"1":2,"2":8,"3":0,"4":89,"5":516,"6":89},"fnMap":{"1":{"name":"throwFieldError","line":5,"loc":{"start":{"line":5,"column":0},"end":{"line":5,"column":54}}},"2":{"name":"(anonymous_2)","line":6,"loc":{"start":{"line":6,"column":114},"end":{"line":6,"column":135}}},"3":{"name":"(anonymous_3)","line":10,"loc":{"start":{"line":10,"column":25},"end":{"line":10,"column":46}}},"4":{"name":"reportMissingMandatoryFields","line":18,"loc":{"start":{"line":18,"column":0},"end":{"line":18,"column":48}}},"5":{"name":"(anonymous_5)","line":22,"loc":{"start":{"line":22,"column":28},"end":{"line":22,"column":44}}},"6":{"name":"post","line":47,"loc":{"start":{"line":47,"column":17},"end":{"line":47,"column":45}}}},"statementMap":{"1":{"start":{"line":3,"column":0},"end":{"line":3,"column":41}},"2":{"start":{"line":5,"column":0},"end":{"line":16,"column":1}},"3":{"start":{"line":6,"column":1},"end":{"line":15,"column":6}},"4":{"start":{"line":7,"column":2},"end":{"line":7,"column":42}},"5":{"start":{"line":9,"column":2},"end":{"line":9,"column":13}},"6":{"start":{"line":11,"column":2},"end":{"line":11,"column":74}},"7":{"start":{"line":13,"column":2},"end":{"line":13,"column":13}},"8":{"start":{"line":18,"column":0},"end":{"line":37,"column":1}},"9":{"start":{"line":19,"column":1},"end":{"line":20,"column":21}},"10":{"start":{"line":22,"column":1},"end":{"line":32,"column":4}},"11":{"start":{"line":23,"column":2},"end":{"line":25,"column":3}},"12":{"start":{"line":24,"column":3},"end":{"line":24,"column":29}},"13":{"start":{"line":27,"column":2},"end":{"line":31,"column":3}},"14":{"start":{"line":28,"column":3},"end":{"line":30,"column":4}},"15":{"start":{"line":29,"column":4},"end":{"line":29,"column":30}},"16":{"start":{"line":34,"column":1},"end":{"line":36,"column":2}},"17":{"start":{"line":35,"column":2},"end":{"line":35,"column":65}},"18":{"start":{"line":47,"column":0},"end":{"line":53,"column":2}},"19":{"start":{"line":48,"column":1},"end":{"line":48,"column":40}},"20":{"start":{"line":52,"column":1},"end":{"line":52,"column":33}}},"branchMap":{"1":{"line":23,"type":"if","locations":[{"start":{"line":23,"column":2},"end":{"line":23,"column":2}},{"start":{"line":23,"column":2},"end":{"line":23,"column":2}}]},"2":{"line":23,"type":"binary-expr","locations":[{"start":{"line":23,"column":6},"end":{"line":23,"column":22}},{"start":{"line":23,"column":26},"end":{"line":23,"column":53}}]},"3":{"line":27,"type":"if","locations":[{"start":{"line":27,"column":2},"end":{"line":27,"column":2}},{"start":{"line":27,"column":2},"end":{"line":27,"column":2}}]},"4":{"line":28,"type":"if","locations":[{"start":{"line":28,"column":3},"end":{"line":28,"column":3}},{"start":{"line":28,"column":3},"end":{"line":28,"column":3}}]},"5":{"line":34,"type":"if","locations":[{"start":{"line":34,"column":1},"end":{"line":34,"column":1}},{"start":{"line":34,"column":1},"end":{"line":34,"column":1}}]},"6":{"line":34,"type":"binary-expr","locations":[{"start":{"line":34,"column":5},"end":{"line":34,"column":29}},{"start":{"line":34,"column":33},"end":{"line":34,"column":57}}]}}},"/home/danielse/repos/rjson/src/scripts/table/rowFactory.js":{"path":"/home/danielse/repos/rjson/src/scripts/table/rowFactory.js","s":{"1":1,"2":88,"3":88,"4":51,"5":51,"6":51,"7":51,"8":9,"9":42,"10":42,"11":51,"12":37,"13":1,"14":88,"15":88,"16":88,"17":506,"18":506,"19":51,"20":455,"21":506,"22":88,"23":52,"24":77,"25":142,"26":88,"27":36,"28":52,"29":31,"30":117,"31":5,"32":21,"33":33,"34":88,"35":1},"b":{"1":[51,37],"2":[9,42],"3":[51,455],"4":[506,357],"5":[201,254],"6":[52,36],"7":[36,52],"8":[31,21],"9":[31,0],"10":[21,0],"11":[33,28]},"f":{"1":88,"2":88,"3":506,"4":77,"5":142,"6":52,"7":117,"8":5,"9":33},"fnMap":{"1":{"name":"setRowPrototype","line":16,"loc":{"start":{"line":16,"column":0},"end":{"line":16,"column":42}}},"2":{"name":"rowFactory","line":51,"loc":{"start":{"line":51,"column":0},"end":{"line":51,"column":37}}},"3":{"name":"(anonymous_3)","line":56,"loc":{"start":{"line":56,"column":28},"end":{"line":56,"column":44}}},"4":{"name":"(anonymous_4)","line":78,"loc":{"start":{"line":78,"column":27},"end":{"line":78,"column":41}}},"5":{"name":"(anonymous_5)","line":81,"loc":{"start":{"line":81,"column":9},"end":{"line":81,"column":20}}},"6":{"name":"(anonymous_6)","line":92,"loc":{"start":{"line":92,"column":27},"end":{"line":92,"column":41}}},"7":{"name":"(anonymous_7)","line":96,"loc":{"start":{"line":96,"column":10},"end":{"line":96,"column":21}}},"8":{"name":"(anonymous_8)","line":97,"loc":{"start":{"line":97,"column":50},"end":{"line":97,"column":62}}},"9":{"name":"(anonymous_9)","line":105,"loc":{"start":{"line":105,"column":10},"end":{"line":105,"column":21}}}},"statementMap":{"1":{"start":{"line":16,"column":0},"end":{"line":39,"column":1}},"2":{"start":{"line":17,"column":1},"end":{"line":17,"column":12}},"3":{"start":{"line":19,"column":1},"end":{"line":38,"column":2}},"4":{"start":{"line":20,"column":2},"end":{"line":20,"column":56}},"5":{"start":{"line":21,"column":2},"end":{"line":21,"column":53}},"6":{"start":{"line":22,"column":2},"end":{"line":22,"column":49}},"7":{"start":{"line":24,"column":2},"end":{"line":33,"column":3}},"8":{"start":{"line":26,"column":3},"end":{"line":26,"column":47}},"9":{"start":{"line":29,"column":3},"end":{"line":29,"column":50}},"10":{"start":{"line":32,"column":3},"end":{"line":32,"column":35}},"11":{"start":{"line":35,"column":2},"end":{"line":35,"column":16}},"12":{"start":{"line":37,"column":2},"end":{"line":37,"column":14}},"13":{"start":{"line":51,"column":0},"end":{"line":115,"column":1}},"14":{"start":{"line":52,"column":1},"end":{"line":52,"column":61}},"15":{"start":{"line":53,"column":1},"end":{"line":53,"column":24}},"16":{"start":{"line":56,"column":1},"end":{"line":73,"column":4}},"17":{"start":{"line":57,"column":2},"end":{"line":57,"column":25}},"18":{"start":{"line":59,"column":2},"end":{"line":66,"column":3}},"19":{"start":{"line":62,"column":3},"end":{"line":62,"column":77}},"20":{"start":{"line":65,"column":3},"end":{"line":65,"column":79}},"21":{"start":{"line":69,"column":2},"end":{"line":72,"column":5}},"22":{"start":{"line":77,"column":1},"end":{"line":87,"column":2}},"23":{"start":{"line":78,"column":2},"end":{"line":86,"column":5}},"24":{"start":{"line":80,"column":3},"end":{"line":85,"column":6}},"25":{"start":{"line":82,"column":5},"end":{"line":82,"column":69}},"26":{"start":{"line":91,"column":1},"end":{"line":112,"column":2}},"27":{"start":{"line":92,"column":2},"end":{"line":111,"column":5}},"28":{"start":{"line":94,"column":3},"end":{"line":110,"column":4}},"29":{"start":{"line":95,"column":4},"end":{"line":102,"column":7}},"30":{"start":{"line":97,"column":6},"end":{"line":99,"column":15}},"31":{"start":{"line":98,"column":7},"end":{"line":98,"column":59}},"32":{"start":{"line":104,"column":4},"end":{"line":109,"column":7}},"33":{"start":{"line":106,"column":6},"end":{"line":106,"column":78}},"34":{"start":{"line":114,"column":1},"end":{"line":114,"column":27}},"35":{"start":{"line":117,"column":0},"end":{"line":117,"column":28}}},"branchMap":{"1":{"line":19,"type":"if","locations":[{"start":{"line":19,"column":1},"end":{"line":19,"column":1}},{"start":{"line":19,"column":1},"end":{"line":19,"column":1}}]},"2":{"line":24,"type":"if","locations":[{"start":{"line":24,"column":2},"end":{"line":24,"column":2}},{"start":{"line":24,"column":2},"end":{"line":24,"column":2}}]},"3":{"line":59,"type":"if","locations":[{"start":{"line":59,"column":2},"end":{"line":59,"column":2}},{"start":{"line":59,"column":2},"end":{"line":59,"column":2}}]},"4":{"line":59,"type":"binary-expr","locations":[{"start":{"line":59,"column":6},"end":{"line":59,"column":19}},{"start":{"line":59,"column":23},"end":{"line":59,"column":55}}]},"5":{"line":65,"type":"cond-expr","locations":[{"start":{"line":65,"column":48},"end":{"line":65,"column":57}},{"start":{"line":65,"column":60},"end":{"line":65,"column":78}}]},"6":{"line":77,"type":"if","locations":[{"start":{"line":77,"column":1},"end":{"line":77,"column":1}},{"start":{"line":77,"column":1},"end":{"line":77,"column":1}}]},"7":{"line":91,"type":"if","locations":[{"start":{"line":91,"column":1},"end":{"line":91,"column":1}},{"start":{"line":91,"column":1},"end":{"line":91,"column":1}}]},"8":{"line":94,"type":"if","locations":[{"start":{"line":94,"column":3},"end":{"line":94,"column":3}},{"start":{"line":94,"column":3},"end":{"line":94,"column":3}}]},"9":{"line":95,"type":"binary-expr","locations":[{"start":{"line":95,"column":31},"end":{"line":95,"column":40}},{"start":{"line":95,"column":44},"end":{"line":95,"column":63}}]},"10":{"line":104,"type":"binary-expr","locations":[{"start":{"line":104,"column":31},"end":{"line":104,"column":40}},{"start":{"line":104,"column":44},"end":{"line":104,"column":63}}]},"11":{"line":106,"type":"binary-expr","locations":[{"start":{"line":106,"column":13},"end":{"line":106,"column":69}},{"start":{"line":106,"column":73},"end":{"line":106,"column":77}}]}}},"/home/danielse/repos/rjson/src/scripts/table/remove.js":{"path":"/home/danielse/repos/rjson/src/scripts/table/remove.js","s":{"1":1,"2":1,"3":1,"4":26,"5":26,"6":10,"7":10,"8":26,"9":1},"b":{},"f":{"1":26},"fnMap":{"1":{"name":"recursiveDelete","line":11,"loc":{"start":{"line":11,"column":0},"end":{"line":11,"column":44}}}},"statementMap":{"1":{"start":{"line":1,"column":0},"end":{"line":1,"column":61}},"2":{"start":{"line":2,"column":0},"end":{"line":2,"column":47}},"3":{"start":{"line":11,"column":0},"end":{"line":25,"column":1}},"4":{"start":{"line":12,"column":1},"end":{"line":12,"column":51}},"5":{"start":{"line":15,"column":1},"end":{"line":22,"column":2}},"6":{"start":{"line":16,"column":2},"end":{"line":16,"column":48}},"7":{"start":{"line":18,"column":2},"end":{"line":21,"column":10}},"8":{"start":{"line":24,"column":1},"end":{"line":24,"column":15}},"9":{"start":{"line":27,"column":0},"end":{"line":27,"column":33}}},"branchMap":{}},"/home/danielse/repos/rjson/src/scripts/table/utils/getParent.js":{"path":"/home/danielse/repos/rjson/src/scripts/table/utils/getParent.js","s":{"1":1,"2":10,"3":10,"4":10,"5":10,"6":1},"b":{"1":[10,0]},"f":{"1":10},"fnMap":{"1":{"name":"getParent","line":1,"loc":{"start":{"line":1,"column":0},"end":{"line":1,"column":31}}}},"statementMap":{"1":{"start":{"line":1,"column":0},"end":{"line":11,"column":1}},"2":{"start":{"line":2,"column":1},"end":{"line":10,"column":2}},"3":{"start":{"line":3,"column":5},"end":{"line":3,"column":45}},"4":{"start":{"line":4,"column":5},"end":{"line":4,"column":50}},"5":{"start":{"line":6,"column":2},"end":{"line":9,"column":4}},"6":{"start":{"line":13,"column":0},"end":{"line":13,"column":27}}},"branchMap":{"1":{"line":2,"type":"if","locations":[{"start":{"line":2,"column":1},"end":{"line":2,"column":1}},{"start":{"line":2,"column":1},"end":{"line":2,"column":1}}]}}},"/home/danielse/repos/rjson/src/scripts/schemaValidator/index.js":{"path":"/home/danielse/repos/rjson/src/scripts/schemaValidator/index.js","s":{"1":1,"2":1,"3":1,"4":1,"5":1,"6":1,"7":16,"8":84,"9":1},"b":{"1":[84,84,84,84]},"f":{"1":16},"fnMap":{"1":{"name":"scanSchemaTables","line":7,"loc":{"start":{"line":7,"column":0},"end":{"line":7,"column":34}}}},"statementMap":{"1":{"start":{"line":1,"column":0},"end":{"line":1,"column":64}},"2":{"start":{"line":2,"column":0},"end":{"line":2,"column":52}},"3":{"start":{"line":3,"column":0},"end":{"line":3,"column":63}},"4":{"start":{"line":4,"column":0},"end":{"line":4,"column":58}},"5":{"start":{"line":5,"column":0},"end":{"line":5,"column":27}},"6":{"start":{"line":7,"column":0},"end":{"line":15,"column":1}},"7":{"start":{"line":8,"column":1},"end":{"line":14,"column":5}},"8":{"start":{"line":10,"column":2},"end":{"line":13,"column":45}},"9":{"start":{"line":17,"column":0},"end":{"line":17,"column":34}}},"branchMap":{"1":{"line":10,"type":"binary-expr","locations":[{"start":{"line":10,"column":9},"end":{"line":10,"column":40}},{"start":{"line":11,"column":15},"end":{"line":11,"column":40}},{"start":{"line":12,"column":15},"end":{"line":12,"column":41}},{"start":{"line":13,"column":15},"end":{"line":13,"column":44}}]}}},"/home/danielse/repos/rjson/src/scripts/schemaValidator/verifyTablePrimaryField.js":{"path":"/home/danielse/repos/rjson/src/scripts/schemaValidator/verifyTablePrimaryField.js","s":{"1":1,"2":87,"3":87,"4":86,"5":86,"6":85,"7":1,"8":1,"9":1},"b":{"1":[86,1],"2":[85,1]},"f":{"1":87},"fnMap":{"1":{"name":"verifyTablePrimaryField","line":1,"loc":{"start":{"line":1,"column":0},"end":{"line":1,"column":46}}}},"statementMap":{"1":{"start":{"line":1,"column":0},"end":{"line":15,"column":1}},"2":{"start":{"line":2,"column":1},"end":{"line":2,"column":27}},"3":{"start":{"line":4,"column":1},"end":{"line":14,"column":2}},"4":{"start":{"line":5,"column":2},"end":{"line":5,"column":61}},"5":{"start":{"line":7,"column":2},"end":{"line":11,"column":3}},"6":{"start":{"line":8,"column":3},"end":{"line":8,"column":15}},"7":{"start":{"line":10,"column":3},"end":{"line":10,"column":127}},"8":{"start":{"line":13,"column":2},"end":{"line":13,"column":136}},"9":{"start":{"line":17,"column":0},"end":{"line":17,"column":41}}},"branchMap":{"1":{"line":4,"type":"if","locations":[{"start":{"line":4,"column":1},"end":{"line":4,"column":1}},{"start":{"line":4,"column":1},"end":{"line":4,"column":1}}]},"2":{"line":7,"type":"if","locations":[{"start":{"line":7,"column":2},"end":{"line":7,"column":2}},{"start":{"line":7,"column":2},"end":{"line":7,"column":2}}]}}},"/home/danielse/repos/rjson/src/scripts/schemaValidator/verifyTableFields.js":{"path":"/home/danielse/repos/rjson/src/scripts/schemaValidator/verifyTableFields.js","s":{"1":1,"2":1,"3":89,"4":89,"5":1,"6":88,"7":88,"8":594,"9":594,"10":594,"11":594,"12":592,"13":2,"14":1},"b":{"1":[1,88],"2":[594,0],"3":[592,2]},"f":{"1":89,"2":594},"fnMap":{"1":{"name":"verifyTableFields","line":3,"loc":{"start":{"line":3,"column":0},"end":{"line":3,"column":40}}},"2":{"name":"(anonymous_2)","line":11,"loc":{"start":{"line":11,"column":21},"end":{"line":11,"column":33}}}},"statementMap":{"1":{"start":{"line":1,"column":0},"end":{"line":1,"column":59}},"2":{"start":{"line":3,"column":0},"end":{"line":23,"column":1}},"3":{"start":{"line":4,"column":1},"end":{"line":4,"column":25}},"4":{"start":{"line":6,"column":1},"end":{"line":8,"column":2}},"5":{"start":{"line":7,"column":2},"end":{"line":7,"column":66}},"6":{"start":{"line":10,"column":1},"end":{"line":10,"column":42}},"7":{"start":{"line":11,"column":1},"end":{"line":22,"column":4}},"8":{"start":{"line":12,"column":2},"end":{"line":12,"column":32}},"9":{"start":{"line":13,"column":2},"end":{"line":13,"column":41}},"10":{"start":{"line":15,"column":2},"end":{"line":21,"column":3}},"11":{"start":{"line":16,"column":3},"end":{"line":20,"column":4}},"12":{"start":{"line":17,"column":4},"end":{"line":17,"column":16}},"13":{"start":{"line":19,"column":4},"end":{"line":19,"column":168}},"14":{"start":{"line":25,"column":0},"end":{"line":25,"column":35}}},"branchMap":{"1":{"line":6,"type":"if","locations":[{"start":{"line":6,"column":1},"end":{"line":6,"column":1}},{"start":{"line":6,"column":1},"end":{"line":6,"column":1}}]},"2":{"line":15,"type":"if","locations":[{"start":{"line":15,"column":2},"end":{"line":15,"column":2}},{"start":{"line":15,"column":2},"end":{"line":15,"column":2}}]},"3":{"line":16,"type":"if","locations":[{"start":{"line":16,"column":3},"end":{"line":16,"column":3}},{"start":{"line":16,"column":3},"end":{"line":16,"column":3}}]}}},"/home/danielse/repos/rjson/src/scripts/schemaValidator/determineFieldType.js":{"path":"/home/danielse/repos/rjson/src/scripts/schemaValidator/determineFieldType.js","s":{"1":1,"2":856,"3":1},"b":{"1":[25,831]},"f":{"1":856},"fnMap":{"1":{"name":"determineFieldType","line":1,"loc":{"start":{"line":1,"column":0},"end":{"line":1,"column":35}}}},"statementMap":{"1":{"start":{"line":1,"column":0},"end":{"line":3,"column":1}},"2":{"start":{"line":2,"column":1},"end":{"line":2,"column":59}},"3":{"start":{"line":5,"column":0},"end":{"line":5,"column":36}}},"branchMap":{"1":{"line":2,"type":"cond-expr","locations":[{"start":{"line":2,"column":36},"end":{"line":2,"column":41}},{"start":{"line":2,"column":44},"end":{"line":2,"column":58}}]}}},"/home/danielse/repos/rjson/src/scripts/schemaValidator/verifyAggregateRelations.js":{"path":"/home/danielse/repos/rjson/src/scripts/schemaValidator/verifyAggregateRelations.js","s":{"1":1,"2":1,"3":95,"4":95,"5":59,"6":94,"7":94,"8":94,"9":94,"10":1,"11":93,"12":1,"13":92,"14":1,"15":91,"16":1,"17":90,"18":2,"19":88,"20":625,"21":1,"22":87,"23":36,"24":1},"b":{"1":[59,36],"2":[92,2],"3":[1,93],"4":[1,92],"5":[1,91],"6":[1,90],"7":[2,88],"8":[1,87]},"f":{"1":95,"2":625},"fnMap":{"1":{"name":"verifyAggregates","line":3,"loc":{"start":{"line":3,"column":0},"end":{"line":3,"column":39}}},"2":{"name":"(anonymous_2)","line":32,"loc":{"start":{"line":32,"column":38},"end":{"line":32,"column":58}}}},"statementMap":{"1":{"start":{"line":1,"column":0},"end":{"line":1,"column":59}},"2":{"start":{"line":3,"column":0},"end":{"line":43,"column":1}},"3":{"start":{"line":4,"column":1},"end":{"line":4,"column":27}},"4":{"start":{"line":6,"column":1},"end":{"line":40,"column":2}},"5":{"start":{"line":7,"column":2},"end":{"line":39,"column":5}},"6":{"start":{"line":8,"column":3},"end":{"line":8,"column":48}},"7":{"start":{"line":9,"column":3},"end":{"line":9,"column":57}},"8":{"start":{"line":10,"column":3},"end":{"line":10,"column":95}},"9":{"start":{"line":12,"column":3},"end":{"line":14,"column":4}},"10":{"start":{"line":13,"column":4},"end":{"line":13,"column":142}},"11":{"start":{"line":16,"column":3},"end":{"line":18,"column":4}},"12":{"start":{"line":17,"column":4},"end":{"line":17,"column":127}},"13":{"start":{"line":20,"column":3},"end":{"line":22,"column":4}},"14":{"start":{"line":21,"column":4},"end":{"line":21,"column":146}},"15":{"start":{"line":24,"column":3},"end":{"line":26,"column":4}},"16":{"start":{"line":25,"column":4},"end":{"line":25,"column":217}},"17":{"start":{"line":28,"column":3},"end":{"line":30,"column":4}},"18":{"start":{"line":29,"column":4},"end":{"line":29,"column":179}},"19":{"start":{"line":32,"column":3},"end":{"line":36,"column":4}},"20":{"start":{"line":33,"column":4},"end":{"line":33,"column":41}},"21":{"start":{"line":35,"column":4},"end":{"line":35,"column":162}},"22":{"start":{"line":38,"column":3},"end":{"line":38,"column":15}},"23":{"start":{"line":42,"column":1},"end":{"line":42,"column":13}},"24":{"start":{"line":45,"column":0},"end":{"line":45,"column":34}}},"branchMap":{"1":{"line":6,"type":"if","locations":[{"start":{"line":6,"column":1},"end":{"line":6,"column":1}},{"start":{"line":6,"column":1},"end":{"line":6,"column":1}}]},"2":{"line":10,"type":"cond-expr","locations":[{"start":{"line":10,"column":39},"end":{"line":10,"column":82}},{"start":{"line":10,"column":85},"end":{"line":10,"column":94}}]},"3":{"line":12,"type":"if","locations":[{"start":{"line":12,"column":3},"end":{"line":12,"column":3}},{"start":{"line":12,"column":3},"end":{"line":12,"column":3}}]},"4":{"line":16,"type":"if","locations":[{"start":{"line":16,"column":3},"end":{"line":16,"column":3}},{"start":{"line":16,"column":3},"end":{"line":16,"column":3}}]},"5":{"line":20,"type":"if","locations":[{"start":{"line":20,"column":3},"end":{"line":20,"column":3}},{"start":{"line":20,"column":3},"end":{"line":20,"column":3}}]},"6":{"line":24,"type":"if","locations":[{"start":{"line":24,"column":3},"end":{"line":24,"column":3}},{"start":{"line":24,"column":3},"end":{"line":24,"column":3}}]},"7":{"line":28,"type":"if","locations":[{"start":{"line":28,"column":3},"end":{"line":28,"column":3}},{"start":{"line":28,"column":3},"end":{"line":28,"column":3}}]},"8":{"line":32,"type":"if","locations":[{"start":{"line":32,"column":3},"end":{"line":32,"column":3}},{"start":{"line":32,"column":3},"end":{"line":32,"column":3}}]}}},"/home/danielse/repos/rjson/src/scripts/schemaValidator/verifyExtendsRelations.js":{"path":"/home/danielse/repos/rjson/src/scripts/schemaValidator/verifyExtendsRelations.js","s":{"1":1,"2":1,"3":90,"4":90,"5":41,"6":41,"7":41,"8":41,"9":1,"10":40,"11":1,"12":39,"13":1,"14":38,"15":1,"16":86,"17":1},"b":{"1":[41,49],"2":[40,1],"3":[1,40],"4":[1,39],"5":[1,38],"6":[1,37]},"f":{"1":90},"fnMap":{"1":{"name":"verifyExtends","line":3,"loc":{"start":{"line":3,"column":0},"end":{"line":3,"column":36}}}},"statementMap":{"1":{"start":{"line":1,"column":0},"end":{"line":1,"column":59}},"2":{"start":{"line":3,"column":0},"end":{"line":29,"column":1}},"3":{"start":{"line":4,"column":1},"end":{"line":4,"column":27}},"4":{"start":{"line":6,"column":1},"end":{"line":26,"column":2}},"5":{"start":{"line":7,"column":2},"end":{"line":7,"column":51}},"6":{"start":{"line":8,"column":2},"end":{"line":8,"column":60}},"7":{"start":{"line":9,"column":2},"end":{"line":9,"column":98}},"8":{"start":{"line":11,"column":2},"end":{"line":13,"column":3}},"9":{"start":{"line":12,"column":3},"end":{"line":12,"column":143}},"10":{"start":{"line":15,"column":2},"end":{"line":17,"column":3}},"11":{"start":{"line":16,"column":3},"end":{"line":16,"column":100}},"12":{"start":{"line":19,"column":2},"end":{"line":21,"column":3}},"13":{"start":{"line":20,"column":3},"end":{"line":20,"column":147}},"14":{"start":{"line":23,"column":2},"end":{"line":25,"column":3}},"15":{"start":{"line":24,"column":3},"end":{"line":24,"column":214}},"16":{"start":{"line":28,"column":1},"end":{"line":28,"column":13}},"17":{"start":{"line":31,"column":0},"end":{"line":31,"column":31}}},"branchMap":{"1":{"line":6,"type":"if","locations":[{"start":{"line":6,"column":1},"end":{"line":6,"column":1}},{"start":{"line":6,"column":1},"end":{"line":6,"column":1}}]},"2":{"line":9,"type":"cond-expr","locations":[{"start":{"line":9,"column":38},"end":{"line":9,"column":85}},{"start":{"line":9,"column":88},"end":{"line":9,"column":97}}]},"3":{"line":11,"type":"if","locations":[{"start":{"line":11,"column":2},"end":{"line":11,"column":2}},{"start":{"line":11,"column":2},"end":{"line":11,"column":2}}]},"4":{"line":15,"type":"if","locations":[{"start":{"line":15,"column":2},"end":{"line":15,"column":2}},{"start":{"line":15,"column":2},"end":{"line":15,"column":2}}]},"5":{"line":19,"type":"if","locations":[{"start":{"line":19,"column":2},"end":{"line":19,"column":2}},{"start":{"line":19,"column":2},"end":{"line":19,"column":2}}]},"6":{"line":23,"type":"if","locations":[{"start":{"line":23,"column":2},"end":{"line":23,"column":2}},{"start":{"line":23,"column":2},"end":{"line":23,"column":2}}]}}}}