TN:
SF:/home/danielse/repos/rjson/src/scripts/index.js
FN:5,createRelationalJSONDB
FNF:1
FNH:1
FNDA:16,createRelationalJSONDB
DA:1,1
DA:2,1
DA:3,1
DA:5,1
DA:6,16
DA:8,16
DA:9,16
DA:11,16
DA:13,84
DA:15,84
LF:10
LH:10
BRDA:8,1,0,16
BRDA:8,1,1,0
BRF:2
BRH:1
end_of_record
TN:
SF:/home/danielse/repos/rjson/src/scripts/buildModel/index.js
FNF:0
FNH:0
DA:1,1
DA:2,1
DA:3,1
DA:11,1
LF:4
LH:4
BRF:0
BRH:0
end_of_record
TN:
SF:/home/danielse/repos/rjson/src/scripts/buildModel/addExtendedByToSchema.js
FN:13,addExtendedByToSchema
FNF:1
FNH:1
FNDA:37,addExtendedByToSchema
DA:1,1
DA:13,1
DA:14,37
DA:16,37
DA:17,193
DA:20,193
DA:21,84
DA:22,84
DA:26,84
DA:27,4
DA:31,84
DA:38,37
LF:12
LH:12
BRDA:20,1,0,84
BRDA:20,1,1,109
BRDA:26,2,0,4
BRDA:26,2,1,80
BRF:4
BRH:4
end_of_record
TN:
SF:/home/danielse/repos/rjson/src/scripts/buildModel/createDynamicModel.js
FN:4,createDynamicModel
FNF:1
FNH:1
FNDA:30,createDynamicModel
DA:1,1
DA:2,1
DA:4,1
DA:6,30
DA:7,151
DA:9,151
DA:13,30
DA:16,1
LF:8
LH:8
BRF:0
BRH:0
end_of_record
TN:
SF:/home/danielse/repos/rjson/src/scripts/buildModel/addRelationsToModel.js
FN:27,addRelationsToModel
FNF:1
FNH:1
FNDA:30,addRelationsToModel
DA:27,1
DA:28,30
DA:30,30
DA:31,151
DA:32,151
DA:35,151
DA:36,69
DA:43,69
DA:51,151
DA:52,47
DA:58,47
DA:60,69
DA:62,69
DA:71,151
DA:77,81
DA:78,138
DA:88,30
DA:91,1
LF:18
LH:18
BRDA:35,1,0,69
BRDA:35,1,1,82
BRDA:51,2,0,47
BRDA:51,2,1,104
BRDA:71,3,0,81
BRDA:71,3,1,70
BRF:6
BRH:6
end_of_record
TN:
SF:/home/danielse/repos/rjson/src/scripts/buildModel/Model/index.js
FN:17,(anonymous_1)
FN:37,(anonymous_2)
FN:49,(anonymous_3)
FNF:3
FNH:3
FNDA:152,(anonymous_1)
FNDA:168,(anonymous_2)
FNDA:434,(anonymous_3)
DA:1,1
DA:2,1
DA:18,152
DA:20,152
DA:21,152
DA:22,152
DA:23,1049
DA:25,1049
DA:27,1049
DA:38,168
DA:40,168
DA:50,2633
DA:54,1
LF:13
LH:13
BRDA:38,1,0,84
BRDA:38,1,1,84
BRF:2
BRH:2
end_of_record
TN:
SF:/home/danielse/repos/rjson/src/scripts/buildModel/Model/Field.js
FN:19,(anonymous_1)
FN:44,(anonymous_2)
FNF:2
FNH:2
FNDA:1060,(anonymous_1)
FNDA:249,(anonymous_2)
DA:1,1
DA:2,1
DA:20,1060
DA:21,1060
DA:24,1060
DA:28,1060
DA:29,570
DA:30,490
DA:31,3
DA:34,1060
DA:45,249
DA:49,1
LF:12
LH:12
BRDA:24,1,0,0
BRDA:24,1,1,1060
BRDA:28,2,0,570
BRDA:28,2,1,490
BRDA:30,3,0,3
BRDA:30,3,1,487
BRDA:34,4,0,1060
BRDA:34,4,1,560
BRF:8
BRH:7
end_of_record
TN:
SF:/home/danielse/repos/rjson/src/scripts/buildModel/Model/validateDataType.js
FN:8,validateDataType
FNF:1
FNH:1
FNDA:283,validateDataType
DA:8,1
DA:10,283
DA:11,283
DA:14,283
DA:15,0
DA:18,283
DA:20,101
DA:21,101
DA:25,124
DA:26,124
DA:30,3
DA:31,3
DA:35,0
DA:36,0
DA:41,49
DA:43,49
DA:47,6
DA:48,6
DA:52,0
DA:56,283
LF:20
LH:16
BRDA:14,1,0,0
BRDA:14,1,1,283
BRDA:14,2,0,283
BRDA:14,2,1,28
BRDA:18,3,0,101
BRDA:18,3,1,124
BRDA:18,3,2,3
BRDA:18,3,3,0
BRDA:18,3,4,5
BRDA:18,3,5,49
BRDA:18,3,6,6
BRDA:18,3,7,0
BRDA:25,4,0,124
BRDA:25,4,1,123
BRDA:30,5,0,3
BRDA:30,5,1,2
BRDA:35,6,0,0
BRDA:35,6,1,0
BRDA:35,6,2,0
BRDA:35,6,3,0
BRDA:35,6,4,0
BRDA:35,6,5,0
BRDA:47,7,0,6
BRDA:47,7,1,6
BRF:24
BRH:15
end_of_record
TN:
SF:/home/danielse/repos/rjson/src/scripts/buildModel/Model/getRequiredFields.js
FN:9,getRequiredFields
FNF:1
FNH:1
FNDA:255,getRequiredFields
DA:9,1
DA:11,255
DA:12,1597
DA:13,714
DA:15,255
DA:17,68
DA:18,68
DA:22,68
DA:23,68
DA:26,255
DA:29,1
LF:11
LH:11
BRDA:15,1,0,68
BRDA:15,1,1,187
BRDA:15,2,0,255
BRDA:15,2,1,159
BRF:4
BRH:4
end_of_record
TN:
SF:/home/danielse/repos/rjson/src/scripts/table/tableFactory.js
FN:15,tableFactory
FN:29,get
FN:56,(anonymous_3)
FN:78,(anonymous_4)
FN:99,(anonymous_5)
FNF:5
FNH:5
FNDA:84,tableFactory
FNDA:595,get
FNDA:89,(anonymous_3)
FNDA:21,(anonymous_4)
FNDA:26,(anonymous_5)
DA:1,1
DA:2,1
DA:3,1
DA:4,1
DA:5,1
DA:6,1
DA:15,1
DA:16,84
DA:18,84
DA:30,595
DA:32,595
DA:33,144
DA:34,451
DA:35,448
DA:37,3
DA:38,3
DA:40,3
DA:41,6
DA:44,3
DA:57,89
DA:59,89
DA:60,0
DA:62,89
DA:63,87
DA:65,87
DA:79,21
DA:80,21
DA:87,0
DA:100,26
DA:102,26
DA:103,26
DA:104,26
DA:106,0
LF:33
LH:30
BRDA:30,1,0,595
BRDA:30,1,1,0
BRDA:32,2,0,144
BRDA:32,2,1,451
BRDA:34,3,0,448
BRDA:34,3,1,3
BRDA:59,4,0,0
BRDA:59,4,1,89
BRDA:59,5,0,89
BRDA:59,5,1,89
BRDA:79,6,0,21
BRDA:79,6,1,0
BRDA:79,7,0,21
BRDA:79,7,1,8
BRDA:83,8,0,21
BRDA:83,8,1,8
BRDA:102,9,0,26
BRDA:102,9,1,0
BRF:18
BRH:14
end_of_record
TN:
SF:/home/danielse/repos/rjson/src/scripts/buildModel/Model/buildAliasMap.js
FN:8,mapRelations
FN:11,(anonymous_2)
FN:31,buildAliasMap
FN:42,(anonymous_4)
FNF:4
FNH:4
FNDA:162,mapRelations
FNDA:160,(anonymous_2)
FNDA:91,buildAliasMap
FNDA:39,(anonymous_4)
DA:8,1
DA:10,162
DA:11,82
DA:12,160
DA:17,162
DA:18,71
DA:19,71
DA:22,162
DA:31,1
DA:32,91
DA:35,91
DA:36,42
DA:37,42
DA:41,91
DA:42,26
DA:43,39
DA:44,39
DA:47,91
DA:50,1
LF:19
LH:19
BRDA:10,1,0,82
BRDA:10,1,1,80
BRDA:17,2,0,71
BRDA:17,2,1,91
BRDA:35,3,0,42
BRDA:35,3,1,49
BRDA:41,4,0,26
BRDA:41,4,1,65
BRF:8
BRH:8
end_of_record
TN:
SF:/home/danielse/repos/rjson/src/scripts/table/dictionaryFactory.js
FN:3,dictionaryFactory
FN:9,getAllData
FN:19,(anonymous_3)
FN:27,setExtension
FN:36,removeExtension
FNF:5
FNH:5
FNDA:84,dictionaryFactory
FNDA:144,getAllData
FNDA:14,(anonymous_3)
FNDA:87,setExtension
FNDA:26,removeExtension
DA:1,1
DA:3,1
DA:4,84
DA:5,84
DA:6,84
DA:9,84
DA:10,144
DA:13,144
DA:14,10
DA:16,10
DA:19,10
DA:20,14
DA:24,144
DA:27,84
DA:28,87
DA:31,87
DA:33,87
DA:36,84
DA:37,26
DA:40,26
DA:42,26
DA:45,84
LF:22
LH:22
BRDA:13,1,0,10
BRDA:13,1,1,134
BRF:2
BRH:2
end_of_record
TN:
SF:/home/danielse/repos/rjson/src/scripts/table/put/index.js
FN:9,getChangeRoot
FN:26,put
FNF:2
FNH:2
FNDA:36,getChangeRoot
FNDA:21,put
DA:3,1
DA:9,1
DA:10,36
DA:12,36
DA:13,11
DA:18,25
DA:20,25
DA:21,15
DA:26,1
DA:27,21
DA:31,21
DA:32,21
DA:40,21
DA:41,11
DA:44,11
DA:47,11
DA:50,11
DA:52,10
LF:18
LH:18
BRDA:12,1,0,11
BRDA:12,1,1,25
BRDA:20,2,0,15
BRDA:20,2,1,10
BRDA:40,3,0,11
BRDA:40,3,1,10
BRF:6
BRH:6
end_of_record
TN:
SF:/home/danielse/repos/rjson/src/scripts/table/put/mergePutDataWithRowData.js
FN:1,mergePutDataWithRowData
FNF:1
FNH:1
FNDA:32,mergePutDataWithRowData
DA:1,1
DA:2,32
DA:3,32
DA:5,32
DA:7,418
DA:8,161
DA:12,32
DA:15,1
LF:8
LH:8
BRDA:7,1,0,161
BRDA:7,1,1,257
BRDA:7,2,0,418
BRDA:7,2,1,395
BRDA:8,3,0,96
BRDA:8,3,1,65
BRF:6
BRH:6
end_of_record
TN:
SF:/home/danielse/repos/rjson/src/scripts/table/utils/getFurthestAncestor.js
FN:1,getFurthestAncestor
FNF:1
FNH:1
FNDA:72,getFurthestAncestor
DA:1,1
DA:2,72
DA:3,34
DA:4,34
DA:6,34
DA:11,38
DA:12,1
DA:15,37
DA:22,1
LF:9
LH:9
BRDA:2,1,0,34
BRDA:2,1,1,38
BRDA:11,2,0,1
BRDA:11,2,1,37
BRF:4
BRH:4
end_of_record
TN:
SF:/home/danielse/repos/rjson/src/scripts/table/utils/getFurthestChild.js
FN:3,getFurthestChild
FNF:1
FNH:1
FNDA:65,getFurthestChild
DA:1,1
DA:3,1
DA:4,65
DA:6,65
DA:7,22
DA:9,43
DA:16,1
LF:7
LH:7
BRDA:6,1,0,22
BRDA:6,1,1,43
BRF:2
BRH:2
end_of_record
TN:
SF:/home/danielse/repos/rjson/src/scripts/table/utils/getChild.js
FN:1,getChild
FN:8,(anonymous_2)
FNF:2
FNH:2
FNDA:101,getChild
FNDA:98,(anonymous_2)
DA:1,1
DA:2,101
DA:7,101
DA:8,64
DA:9,98
DA:10,98
DA:11,98
DA:13,98
DA:14,45
DA:15,45
DA:16,45
DA:19,45
DA:24,1
LF:13
LH:13
BRDA:7,1,0,64
BRDA:7,1,1,37
BRDA:8,2,0,45
BRDA:8,2,1,19
BRDA:13,3,0,45
BRDA:13,3,1,53
BRF:6
BRH:6
end_of_record
TN:
SF:/home/danielse/repos/rjson/src/scripts/table/utils/dataDiffers.js
FN:10,dataDiffers
FN:11,(anonymous_2)
FNF:2
FNH:2
FNDA:36,dataDiffers
FNDA:195,(anonymous_2)
DA:10,1
DA:11,36
DA:12,195
DA:13,85
DA:18,1
LF:5
LH:5
BRDA:12,1,0,85
BRDA:12,1,1,110
BRDA:12,2,0,195
BRDA:12,2,1,177
BRF:4
BRH:4
end_of_record
TN:
SF:/home/danielse/repos/rjson/src/scripts/table/post.js
FN:5,throwFieldError
FN:6,(anonymous_2)
FN:10,(anonymous_3)
FN:18,reportMissingMandatoryFields
FN:22,(anonymous_5)
FN:47,post
FNF:6
FNH:5
FNDA:2,throwFieldError
FNDA:8,(anonymous_2)
FNDA:0,(anonymous_3)
FNDA:89,reportMissingMandatoryFields
FNDA:516,(anonymous_5)
FNDA:89,post
DA:3,1
DA:5,1
DA:6,2
DA:7,8
DA:9,8
DA:11,0
DA:13,0
DA:18,1
DA:19,89
DA:22,89
DA:23,516
DA:24,8
DA:27,516
DA:28,249
DA:29,0
DA:34,89
DA:35,2
DA:47,1
DA:48,89
DA:52,87
LF:20
LH:17
BRDA:23,1,0,8
BRDA:23,1,1,508
BRDA:23,2,0,516
BRDA:23,2,1,252
BRDA:27,3,0,249
BRDA:27,3,1,267
BRDA:28,4,0,0
BRDA:28,4,1,249
BRDA:34,5,0,2
BRDA:34,5,1,87
BRDA:34,6,0,89
BRDA:34,6,1,87
BRF:12
BRH:11
end_of_record
TN:
SF:/home/danielse/repos/rjson/src/scripts/table/rowFactory.js
FN:16,setRowPrototype
FN:51,rowFactory
FN:56,(anonymous_3)
FN:78,(anonymous_4)
FN:81,(anonymous_5)
FN:92,(anonymous_6)
FN:96,(anonymous_7)
FN:97,(anonymous_8)
FN:105,(anonymous_9)
FNF:9
FNH:9
FNDA:88,setRowPrototype
FNDA:88,rowFactory
FNDA:506,(anonymous_3)
FNDA:77,(anonymous_4)
FNDA:142,(anonymous_5)
FNDA:52,(anonymous_6)
FNDA:117,(anonymous_7)
FNDA:5,(anonymous_8)
FNDA:33,(anonymous_9)
DA:16,1
DA:17,88
DA:19,88
DA:20,51
DA:21,51
DA:22,51
DA:24,51
DA:26,9
DA:29,42
DA:32,42
DA:35,51
DA:37,37
DA:51,1
DA:52,88
DA:53,88
DA:56,88
DA:57,506
DA:59,506
DA:62,51
DA:65,455
DA:69,506
DA:77,88
DA:78,52
DA:80,77
DA:82,142
DA:91,88
DA:92,36
DA:94,52
DA:95,31
DA:97,117
DA:98,5
DA:104,21
DA:106,33
DA:114,88
DA:117,1
LF:35
LH:35
BRDA:19,1,0,51
BRDA:19,1,1,37
BRDA:24,2,0,9
BRDA:24,2,1,42
BRDA:59,3,0,51
BRDA:59,3,1,455
BRDA:59,4,0,506
BRDA:59,4,1,357
BRDA:65,5,0,201
BRDA:65,5,1,254
BRDA:77,6,0,52
BRDA:77,6,1,36
BRDA:91,7,0,36
BRDA:91,7,1,52
BRDA:94,8,0,31
BRDA:94,8,1,21
BRDA:95,9,0,31
BRDA:95,9,1,0
BRDA:104,10,0,21
BRDA:104,10,1,0
BRDA:106,11,0,33
BRDA:106,11,1,28
BRF:22
BRH:20
end_of_record
TN:
SF:/home/danielse/repos/rjson/src/scripts/table/remove.js
FN:11,recursiveDelete
FNF:1
FNH:1
FNDA:26,recursiveDelete
DA:1,1
DA:2,1
DA:11,1
DA:12,26
DA:15,26
DA:16,10
DA:18,10
DA:24,26
DA:27,1
LF:9
LH:9
BRF:0
BRH:0
end_of_record
TN:
SF:/home/danielse/repos/rjson/src/scripts/table/utils/getParent.js
FN:1,getParent
FNF:1
FNH:1
FNDA:10,getParent
DA:1,1
DA:2,10
DA:3,10
DA:4,10
DA:6,10
DA:13,1
LF:6
LH:6
BRDA:2,1,0,10
BRDA:2,1,1,0
BRF:2
BRH:1
end_of_record
TN:
SF:/home/danielse/repos/rjson/src/scripts/schemaValidator/index.js
FN:7,scanSchemaTables
FNF:1
FNH:1
FNDA:16,scanSchemaTables
DA:1,1
DA:2,1
DA:3,1
DA:4,1
DA:5,1
DA:7,1
DA:8,16
DA:10,84
DA:17,1
LF:9
LH:9
BRDA:10,1,0,84
BRDA:10,1,1,84
BRDA:10,1,2,84
BRDA:10,1,3,84
BRF:4
BRH:4
end_of_record
TN:
SF:/home/danielse/repos/rjson/src/scripts/schemaValidator/verifyTablePrimaryField.js
FN:1,verifyTablePrimaryField
FNF:1
FNH:1
FNDA:87,verifyTablePrimaryField
DA:1,1
DA:2,87
DA:4,87
DA:5,86
DA:7,86
DA:8,85
DA:10,1
DA:13,1
DA:17,1
LF:9
LH:9
BRDA:4,1,0,86
BRDA:4,1,1,1
BRDA:7,2,0,85
BRDA:7,2,1,1
BRF:4
BRH:4
end_of_record
TN:
SF:/home/danielse/repos/rjson/src/scripts/schemaValidator/verifyTableFields.js
FN:3,verifyTableFields
FN:11,(anonymous_2)
FNF:2
FNH:2
FNDA:89,verifyTableFields
FNDA:594,(anonymous_2)
DA:1,1
DA:3,1
DA:4,89
DA:6,89
DA:7,1
DA:10,88
DA:11,88
DA:12,594
DA:13,594
DA:15,594
DA:16,594
DA:17,592
DA:19,2
DA:25,1
LF:14
LH:14
BRDA:6,1,0,1
BRDA:6,1,1,88
BRDA:15,2,0,594
BRDA:15,2,1,0
BRDA:16,3,0,592
BRDA:16,3,1,2
BRF:6
BRH:5
end_of_record
TN:
SF:/home/danielse/repos/rjson/src/scripts/schemaValidator/determineFieldType.js
FN:1,determineFieldType
FNF:1
FNH:1
FNDA:856,determineFieldType
DA:1,1
DA:2,856
DA:5,1
LF:3
LH:3
BRDA:2,1,0,25
BRDA:2,1,1,831
BRF:2
BRH:2
end_of_record
TN:
SF:/home/danielse/repos/rjson/src/scripts/schemaValidator/verifyAggregateRelations.js
FN:3,verifyAggregates
FN:32,(anonymous_2)
FNF:2
FNH:2
FNDA:95,verifyAggregates
FNDA:625,(anonymous_2)
DA:1,1
DA:3,1
DA:4,95
DA:6,95
DA:7,59
DA:8,94
DA:9,94
DA:10,94
DA:12,94
DA:13,1
DA:16,93
DA:17,1
DA:20,92
DA:21,1
DA:24,91
DA:25,1
DA:28,90
DA:29,2
DA:32,88
DA:33,625
DA:35,1
DA:38,87
DA:42,36
DA:45,1
LF:24
LH:24
BRDA:6,1,0,59
BRDA:6,1,1,36
BRDA:10,2,0,92
BRDA:10,2,1,2
BRDA:12,3,0,1
BRDA:12,3,1,93
BRDA:16,4,0,1
BRDA:16,4,1,92
BRDA:20,5,0,1
BRDA:20,5,1,91
BRDA:24,6,0,1
BRDA:24,6,1,90
BRDA:28,7,0,2
BRDA:28,7,1,88
BRDA:32,8,0,1
BRDA:32,8,1,87
BRF:16
BRH:16
end_of_record
TN:
SF:/home/danielse/repos/rjson/src/scripts/schemaValidator/verifyExtendsRelations.js
FN:3,verifyExtends
FNF:1
FNH:1
FNDA:90,verifyExtends
DA:1,1
DA:3,1
DA:4,90
DA:6,90
DA:7,41
DA:8,41
DA:9,41
DA:11,41
DA:12,1
DA:15,40
DA:16,1
DA:19,39
DA:20,1
DA:23,38
DA:24,1
DA:28,86
DA:31,1
LF:17
LH:17
BRDA:6,1,0,41
BRDA:6,1,1,49
BRDA:9,2,0,40
BRDA:9,2,1,1
BRDA:11,3,0,1
BRDA:11,3,1,40
BRDA:15,4,0,1
BRDA:15,4,1,39
BRDA:19,5,0,1
BRDA:19,5,1,38
BRDA:23,6,0,1
BRDA:23,6,1,37
BRF:12
BRH:12
end_of_record
